06-Jun-2020 08:55:01.511 INFO  generics.BaseTest -=======================================================================
06-Jun-2020 08:55:01.544 DEBUG generics.BaseTest -Chrome browser is launched successfully!!
06-Jun-2020 08:55:01.545 INFO  generics.BaseTest -=======================================================================
06-Jun-2020 08:55:01.548 INFO  generics.BaseTest -Path set up successful
06-Jun-2020 08:55:05.413 INFO  generics.TestListeners -Test has started..login
06-Jun-2020 08:55:05.537 INFO  pages.LoginPage -=======================================================================
06-Jun-2020 08:55:05.538 INFO  pages.LoginPage -Initialization of elements successfull for Login Page elements!!
06-Jun-2020 08:55:05.542 INFO  pages.LoginPage -=======================================================================
06-Jun-2020 08:55:09.995 INFO  generics.BaseTest -Chrome browser window is maximized
06-Jun-2020 08:55:19.337 INFO  generics.BaseTest -Current url opened is: https://www.zoho.com/crm/crmplus
06-Jun-2020 08:55:20.345 INFO  pages.LoginPage -login button is displayed
06-Jun-2020 08:55:25.655 INFO  pages.LoginPage -login button is clicked
06-Jun-2020 08:55:26.075 INFO  pages.LoginPage -Email text field is displayed
06-Jun-2020 08:55:26.778 INFO  pages.LoginPage -Email is filled
06-Jun-2020 08:55:27.068 INFO  pages.LoginPage -Next Button is displayed
06-Jun-2020 08:55:27.316 INFO  pages.LoginPage -After Email NextBtn is clicked
06-Jun-2020 08:55:47.953 DEBUG generics.BaseTest -Element is not displayed
06-Jun-2020 08:55:47.953 INFO  pages.LoginPage -Password text field is displayed
06-Jun-2020 08:55:48.592 INFO  generics.TestListeners -Screenshot Attach successful
06-Jun-2020 08:55:48.592 INFO  generics.TestListeners -Screenshot is taken for the failed method: login
06-Jun-2020 08:55:48.931 INFO  generics.TestListeners -Test has started..createProductsOrder
06-Jun-2020 08:55:48.947 INFO  pages.ProductsPage -=======================================================================
06-Jun-2020 08:55:48.947 INFO  pages.ProductsPage -Initialization of elements successfull for Products Page elements!!
06-Jun-2020 08:55:48.947 INFO  pages.ProductsPage -=======================================================================
06-Jun-2020 08:55:59.552 INFO  generics.TestListeners -Screenshot Attach successful
06-Jun-2020 08:55:59.552 INFO  generics.TestListeners -Screenshot is taken for the failed method: createProductsOrder
06-Jun-2020 08:55:59.650 INFO  generics.TestListeners -All the Tests methods have been calledProducts
06-Jun-2020 09:01:25.671 INFO  generics.BaseTest -=======================================================================
06-Jun-2020 09:01:25.699 DEBUG generics.BaseTest -Chrome browser is launched successfully!!
06-Jun-2020 09:01:25.700 INFO  generics.BaseTest -=======================================================================
06-Jun-2020 09:01:25.701 INFO  generics.BaseTest -Path set up successful
06-Jun-2020 09:01:27.507 INFO  generics.TestListeners -Test has started..login
06-Jun-2020 09:01:27.579 INFO  pages.LoginPage -=======================================================================
06-Jun-2020 09:01:27.580 INFO  pages.LoginPage -Initialization of elements successfull for Login Page elements!!
06-Jun-2020 09:01:27.580 INFO  pages.LoginPage -=======================================================================
06-Jun-2020 09:01:31.770 INFO  generics.BaseTest -Chrome browser window is maximized
06-Jun-2020 09:01:37.864 INFO  generics.BaseTest -Current url opened is: https://www.zoho.com/crm/crmplus
06-Jun-2020 09:01:38.264 INFO  pages.LoginPage -login button is displayed
06-Jun-2020 09:01:41.092 INFO  pages.LoginPage -login button is clicked
06-Jun-2020 09:01:41.303 INFO  pages.LoginPage -Email text field is displayed
06-Jun-2020 09:01:42.106 INFO  pages.LoginPage -Email is filled
06-Jun-2020 09:01:42.464 INFO  pages.LoginPage -Next Button is displayed
06-Jun-2020 09:01:42.656 INFO  pages.LoginPage -After Email NextBtn is clicked
06-Jun-2020 09:02:03.090 DEBUG generics.BaseTest -Element is not displayed
06-Jun-2020 09:02:03.090 INFO  pages.LoginPage -Password text field is displayed
06-Jun-2020 09:02:03.708 INFO  generics.TestListeners -Screenshot Attach successful
06-Jun-2020 09:02:03.709 INFO  generics.TestListeners -Screenshot is taken for the failed method: login
06-Jun-2020 09:02:04.095 INFO  generics.TestListeners -Test has started..createProductsOrder
06-Jun-2020 09:02:04.119 INFO  pages.ProductsPage -=======================================================================
06-Jun-2020 09:02:04.119 INFO  pages.ProductsPage -Initialization of elements successfull for Products Page elements!!
06-Jun-2020 09:02:04.119 INFO  pages.ProductsPage -=======================================================================
06-Jun-2020 09:02:14.871 INFO  generics.TestListeners -Screenshot Attach successful
06-Jun-2020 09:02:14.874 INFO  generics.TestListeners -Screenshot is taken for the failed method: createProductsOrder
06-Jun-2020 09:02:14.960 INFO  generics.TestListeners -All the Tests methods have been calledProducts
06-Jun-2020 09:17:30.979 INFO  generics.BaseTest -=======================================================================
06-Jun-2020 09:17:30.992 DEBUG generics.BaseTest -Chrome browser is launched successfully!!
06-Jun-2020 09:17:30.992 INFO  generics.BaseTest -=======================================================================
06-Jun-2020 09:17:30.994 INFO  generics.BaseTest -Path set up successful
06-Jun-2020 09:17:32.904 INFO  generics.TestListeners -Test has started..login
06-Jun-2020 09:17:32.988 INFO  pages.LoginPage -=======================================================================
06-Jun-2020 09:17:32.989 INFO  pages.LoginPage -Initialization of elements successfull for Login Page elements!!
06-Jun-2020 09:17:32.989 INFO  pages.LoginPage -=======================================================================
06-Jun-2020 09:17:37.182 INFO  generics.BaseTest -Chrome browser window is maximized
06-Jun-2020 09:17:46.024 INFO  generics.BaseTest -Current url opened is: https://www.zoho.com/crm/crmplus
06-Jun-2020 09:17:46.462 INFO  pages.LoginPage -login button is displayed
06-Jun-2020 09:17:49.617 INFO  pages.LoginPage -login button is clicked
06-Jun-2020 09:17:50.060 INFO  pages.LoginPage -Email text field is displayed
06-Jun-2020 09:17:50.527 INFO  pages.LoginPage -Email is filled
06-Jun-2020 09:17:50.786 INFO  pages.LoginPage -Next Button is displayed
06-Jun-2020 09:17:51.007 INFO  pages.LoginPage -After Email NextBtn is clicked
06-Jun-2020 09:18:11.403 DEBUG generics.BaseTest -Element is not displayed
06-Jun-2020 09:18:11.403 INFO  pages.LoginPage -Password text field is displayed
06-Jun-2020 09:18:11.996 INFO  generics.TestListeners -Screenshot Attach successful
06-Jun-2020 09:18:11.997 INFO  generics.TestListeners -Screenshot is taken for the failed method: login
06-Jun-2020 09:18:12.411 INFO  generics.TestListeners -Test has started..createProductsOrder
06-Jun-2020 09:18:12.429 INFO  pages.ProductsPage -=======================================================================
06-Jun-2020 09:18:12.429 INFO  pages.ProductsPage -Initialization of elements successfull for Products Page elements!!
06-Jun-2020 09:18:12.429 INFO  pages.ProductsPage -=======================================================================
06-Jun-2020 09:18:23.019 INFO  generics.TestListeners -Screenshot Attach successful
06-Jun-2020 09:18:23.019 INFO  generics.TestListeners -Screenshot is taken for the failed method: createProductsOrder
06-Jun-2020 09:18:23.077 INFO  generics.TestListeners -All the Tests methods have been calledProducts
06-Jun-2020 11:42:47.388 INFO  generics.BaseTest -=======================================================================
06-Jun-2020 11:42:47.424 DEBUG generics.BaseTest -Chrome browser is launched successfully!!
06-Jun-2020 11:42:47.425 INFO  generics.BaseTest -=======================================================================
06-Jun-2020 11:42:47.427 INFO  generics.BaseTest -Path set up successful
06-Jun-2020 11:42:50.391 INFO  generics.TestListeners -Test has started..login
06-Jun-2020 11:42:50.469 INFO  pages.LoginPage -=======================================================================
06-Jun-2020 11:42:50.469 INFO  pages.LoginPage -Initialization of elements successfull for Login Page elements!!
06-Jun-2020 11:42:50.469 INFO  pages.LoginPage -=======================================================================
06-Jun-2020 11:42:52.714 INFO  generics.BaseTest -Chrome browser window is maximized
06-Jun-2020 11:43:05.882 INFO  generics.BaseTest -Current url opened is: https://www.zoho.com/crm/crmplus
06-Jun-2020 11:43:07.450 INFO  pages.LoginPage -login button is displayed
06-Jun-2020 11:43:13.187 INFO  pages.LoginPage -login button is clicked
06-Jun-2020 11:43:13.531 INFO  pages.LoginPage -Email text field is displayed
06-Jun-2020 11:43:14.395 INFO  pages.LoginPage -Email is filled
06-Jun-2020 11:43:14.711 INFO  pages.LoginPage -Next Button is displayed
06-Jun-2020 11:43:14.984 INFO  pages.LoginPage -After Email NextBtn is clicked
06-Jun-2020 11:43:35.574 DEBUG generics.BaseTest -Element is not displayed
06-Jun-2020 11:43:35.574 INFO  pages.LoginPage -Password text field is displayed
06-Jun-2020 11:43:36.499 INFO  generics.TestListeners -Screenshot Attach successful
06-Jun-2020 11:43:36.500 INFO  generics.TestListeners -Screenshot is taken for the failed method: login
06-Jun-2020 11:43:37.340 INFO  generics.TestListeners -Test has started..createProductsOrder
06-Jun-2020 11:43:37.378 INFO  pages.ProductsPage -=======================================================================
06-Jun-2020 11:43:37.379 INFO  pages.ProductsPage -Initialization of elements successfull for Products Page elements!!
06-Jun-2020 11:43:37.379 INFO  pages.ProductsPage -=======================================================================
06-Jun-2020 11:43:48.266 INFO  generics.TestListeners -Screenshot Attach successful
06-Jun-2020 11:43:48.266 INFO  generics.TestListeners -Screenshot is taken for the failed method: createProductsOrder
06-Jun-2020 11:43:48.424 INFO  generics.TestListeners -All the Tests methods have been calledProducts
